<?xml version="1.0" encoding="UTF-8"?>
<!-- Generated by org.testng.reporters.JUnitReportReporter -->
<testsuite hostname="DESKTOP-R8GUMFN" failures="0" tests="3" name="contact.CreateContactTest" time="217.714" errors="0" timestamp="2021-08-27T16:44:55 IST" skipped="0">
  <testcase classname="contact.CreateContactTest" name="TC_07_CreatingContactsSelectingReportsToandClearingItTest" time="87.794"/>
  <system-out/>
  <testcase classname="contact.CreateContactTest" name="TC_08_CreateOrganizationWithLeadSourceTest" time="65.893"/>
  <system-out/>
  <testcase classname="contact.CreateContactTest" name="TC_09_CreateOrganizationWithAssignedToAdministratorTest" time="64.027"/>
  <system-out/>
</testsuite> <!-- contact.CreateContactTest -->
