<?xml version="1.0" encoding="UTF-8"?>
<!-- Generated by org.testng.reporters.JUnitReportReporter -->
<testsuite hostname="DESKTOP-R8GUMFN" failures="0" tests="1" name="com.vtiger.comcast.genericUtilty.JavaUtility" time="0.038" errors="0" timestamp="2021-08-21T23:43:46 IST" skipped="0">
  <testcase classname="com.vtiger.comcast.genericUtilty.JavaUtility" name="add" time="0.038"/>
  <system-out/>
</testsuite> <!-- com.vtiger.comcast.genericUtilty.JavaUtility -->
