<?xml version="1.0" encoding="UTF-8"?>
<!-- Generated by org.testng.reporters.JUnitReportReporter -->
<testsuite hostname="DESKTOP-R8GUMFN" failures="0" tests="1" name="contact.HomePageReports" time="29.729" errors="0" timestamp="2021-08-25T14:38:03 IST" skipped="0">
  <testcase classname="contact.HomePageReports" name="gettingHomePageTitle" time="29.729"/>
  <system-out/>
</testsuite> <!-- contact.HomePageReports -->
