<?xml version="1.0" encoding="UTF-8"?>
<!-- Generated by org.testng.reporters.JUnitReportReporter -->
<testsuite hostname="DESKTOP-R8GUMFN" failures="0" tests="2" name="vtigerpractice.Demo" time="0.123" errors="0" timestamp="2021-08-19T17:54:02 IST" skipped="0">
  <testcase classname="vtigerpractice.Demo" name="PrintStatement" time="0.085"/>
  <system-out/>
  <testcase classname="vtigerpractice.Demo" name="add" time="0.038"/>
  <system-out/>
</testsuite> <!-- vtigerpractice.Demo -->
