<?xml version="1.0" encoding="UTF-8"?>
<!-- Generated by org.testng.reporters.JUnitReportReporter -->
<testsuite hostname="DESKTOP-R8GUMFN" failures="0" tests="1" name="vtigerpractice.Tester1" time="0.032" errors="0" timestamp="2021-08-21T23:24:15 IST" skipped="0">
  <testcase classname="vtigerpractice.Tester1" name="add" time="0.032"/>
  <system-out/>
</testsuite> <!-- vtigerpractice.Tester1 -->
