<?xml version="1.0" encoding="UTF-8"?>
<!-- Generated by org.testng.reporters.JUnitReportReporter -->
<testsuite hostname="DESKTOP-R8GUMFN" failures="0" tests="2" name="com.vtiger.comcast.genericUtilty.Reports" time="84.988" errors="0" timestamp="2021-08-25T12:03:57 IST" skipped="0">
  <testcase classname="com.vtiger.comcast.genericUtilty.Reports" name="gettingOrganizationPageTitle" time="69.073"/>
  <system-out/>
  <testcase classname="com.vtiger.comcast.genericUtilty.Reports" name="gettingHomePageTitle" time="15.915"/>
  <system-out/>
</testsuite> <!-- com.vtiger.comcast.genericUtilty.Reports -->
